<?xml version="1.0" encoding="UTF-8"?>
<testng-results skipped="0" failed="0" total="6" passed="6">
  <reporter-output>
  </reporter-output>
  <suite name="Default suite" duration-ms="11448" started-at="2018-06-16T12:16:48Z" finished-at="2018-06-16T12:16:59Z">
    <groups>
    </groups>
    <test name="Default test" duration-ms="11448" started-at="2018-06-16T12:16:48Z" finished-at="2018-06-16T12:16:59Z">
      <class name="com.qa.tests.RegexDemos">
        <test-method status="PASS" signature="Demo1()[pri:0, instance:com.qa.tests.RegexDemos@8bd1b6a]" name="Demo1" duration-ms="12" started-at="2018-06-16T17:46:48Z" finished-at="2018-06-16T17:46:48Z">
          <reporter-output>
          </reporter-output>
        </test-method> <!-- Demo1 -->
        <test-method status="PASS" signature="Demo2()[pri:0, instance:com.qa.tests.RegexDemos@8bd1b6a]" name="Demo2" duration-ms="2" started-at="2018-06-16T17:46:48Z" finished-at="2018-06-16T17:46:48Z">
          <reporter-output>
          </reporter-output>
        </test-method> <!-- Demo2 -->
        <test-method status="PASS" signature="Demo4()[pri:0, instance:com.qa.tests.RegexDemos@8bd1b6a]" name="Demo4" duration-ms="2" started-at="2018-06-16T17:46:48Z" finished-at="2018-06-16T17:46:48Z">
          <reporter-output>
          </reporter-output>
        </test-method> <!-- Demo4 -->
        <test-method status="PASS" signature="SecondDemo()[pri:0, instance:com.qa.tests.RegexDemos@8bd1b6a]" name="SecondDemo" duration-ms="1" started-at="2018-06-16T17:46:48Z" finished-at="2018-06-16T17:46:48Z">
          <reporter-output>
          </reporter-output>
        </test-method> <!-- SecondDemo -->
        <test-method status="PASS" signature="demo3()[pri:0, instance:com.qa.tests.RegexDemos@8bd1b6a]" name="demo3" duration-ms="11404" started-at="2018-06-16T17:46:48Z" finished-at="2018-06-16T17:46:59Z">
          <reporter-output>
          </reporter-output>
        </test-method> <!-- demo3 -->
        <test-method status="PASS" signature="firstDemo()[pri:0, instance:com.qa.tests.RegexDemos@8bd1b6a]" name="firstDemo" duration-ms="1" started-at="2018-06-16T17:46:59Z" finished-at="2018-06-16T17:46:59Z">
          <reporter-output>
          </reporter-output>
        </test-method> <!-- firstDemo -->
      </class> <!-- com.qa.tests.RegexDemos -->
    </test> <!-- Default test -->
  </suite> <!-- Default suite -->
</testng-results>
