<?xml version="1.0" encoding="UTF-8"?>
<!-- Generated by org.testng.reporters.JUnitXMLReporter -->
<testsuite hostname="LAPTOP-E5VUROND" name="Default test" tests="6" failures="0" timestamp="16 Jun 2018 12:16:59 GMT" time="11.448" errors="0">
  <testcase name="Demo1" time="0.012" classname="com.qa.tests.RegexDemos"/>
  <testcase name="Demo2" time="0.002" classname="com.qa.tests.RegexDemos"/>
  <testcase name="Demo4" time="0.002" classname="com.qa.tests.RegexDemos"/>
  <testcase name="SecondDemo" time="0.001" classname="com.qa.tests.RegexDemos"/>
  <testcase name="demo3" time="11.404" classname="com.qa.tests.RegexDemos"/>
  <testcase name="firstDemo" time="0.001" classname="com.qa.tests.RegexDemos"/>
</testsuite> <!-- Default test -->
