<?xml version="1.0" encoding="UTF-8"?>
<!-- Generated by org.testng.reporters.JUnitXMLReporter -->
<testsuite hostname="LAPTOP-E5VUROND" name="Maven Demo2" tests="4" failures="0" timestamp="15 Jun 2018 08:14:32 GMT" time="0.027" errors="0">
  <testcase name="divi" time="0.004" classname="com.qa.tests.DemoTest2"/>
  <testcase name="mult" time="0.002" classname="com.qa.tests.DemoTest2"/>
  <testcase name="sub" time="0.005" classname="com.qa.tests.DemoTest2"/>
  <testcase name="sum" time="0.002" classname="com.qa.tests.DemoTest2"/>
</testsuite> <!-- Maven Demo2 -->
