<?xml version="1.0" encoding="UTF-8"?>
<!-- Generated by org.testng.reporters.JUnitXMLReporter -->
<testsuite hostname="LAPTOP-E5VUROND" name="Maven Demo" tests="4" failures="0" timestamp="15 Jun 2018 08:14:31 GMT" time="0.056" errors="0">
  <testcase name="divi" time="0.017" classname="com.qa.tests.DemoTest"/>
  <testcase name="mult" time="0.004" classname="com.qa.tests.DemoTest"/>
  <testcase name="sub" time="0.005" classname="com.qa.tests.DemoTest"/>
  <testcase name="sum" time="0.005" classname="com.qa.tests.DemoTest"/>
</testsuite> <!-- Maven Demo -->
