<?xml version="1.0" encoding="UTF-8"?>
<!-- Generated by org.testng.reporters.JUnitXMLReporter -->
<testsuite hostname="LAPTOP-E5VUROND" name="Read Friends Data from excel sheet" tests="1" failures="1" timestamp="15 Jun 2018 08:15:28 GMT" time="0.047" errors="0">
  <testcase name="excelReader" time="0.025" classname="com.qa.tests.ExcelFileReader">
    <failure type="java.lang.NoClassDefFoundError" message="org/apache/commons/collections4/ListValuedMap">
      <![CDATA[java.lang.NoClassDefFoundError: org/apache/commons/collections4/ListValuedMap
	at com.qa.tests.ExcelFileReader.excelReader(ExcelFileReader.java:32)
Caused by: java.lang.ClassNotFoundException: org.apache.commons.collections4.ListValuedMap
	at java.net.URLClassLoader.findClass(Unknown Source)
	at java.lang.ClassLoader.loadClass(Unknown Source)
	at sun.misc.Launcher$AppClassLoader.loadClass(Unknown Source)
	at java.lang.ClassLoader.loadClass(Unknown Source)
	... 25 more
... Removed 24 stack frames]]>
    </failure>
  </testcase> <!-- excelReader -->
</testsuite> <!-- Read Friends Data from excel sheet -->
