<?xml version="1.0" encoding="UTF-8"?>
<!-- Generated by org.testng.reporters.JUnitXMLReporter -->
<testsuite hostname="LAPTOP-E5VUROND" name="Maven Demo" tests="4" failures="0" timestamp="16 Jun 2018 12:53:38 GMT" time="0.044" errors="0">
  <testcase name="divi" time="0.009" classname="com.qa.tests.DemoTest"/>
  <testcase name="mult" time="0.001" classname="com.qa.tests.DemoTest"/>
  <testcase name="sub" time="0.002" classname="com.qa.tests.DemoTest"/>
  <testcase name="sum" time="0.0" classname="com.qa.tests.DemoTest"/>
</testsuite> <!-- Maven Demo -->
