<?xml version="1.0" encoding="UTF-8"?>
<!-- Generated by org.testng.reporters.JUnitXMLReporter -->
<testsuite hostname="LAPTOP-E5VUROND" name="Maven Demo2" tests="4" failures="0" timestamp="16 Jun 2018 12:53:38 GMT" time="0.007" errors="0">
  <testcase name="divi" time="0.003" classname="com.qa.tests.DemoTest2"/>
  <testcase name="mult" time="0.001" classname="com.qa.tests.DemoTest2"/>
  <testcase name="sub" time="0.001" classname="com.qa.tests.DemoTest2"/>
  <testcase name="sum" time="0.001" classname="com.qa.tests.DemoTest2"/>
</testsuite> <!-- Maven Demo2 -->
